
> relay-server@1.0.0 dev /Users/pta/Dev/rust/reveries-passkey/relay-server
> nodemon src/index.ts

[33m[nodemon] 3.1.10[39m
[33m[nodemon] to restart at any time, enter `rs`[39m
[33m[nodemon] watching path(s): *.*[39m
[33m[nodemon] watching extensions: ts,json[39m
[32m[nodemon] starting `ts-node src/index.ts`[39m
NearClient initialized with RPC URL: https://rpc.testnet.near.org
Error: listen EADDRINUSE: address already in use :::3001
    at Server.setupListenHandle [as _listen2] (node:net:1937:16)
    at listenInCluster (node:net:1994:12)
    at Server.listen (node:net:2099:7)
    at Function.listen (/Users/pta/Dev/rust/reveries-passkey/relay-server/node_modules/.pnpm/express@4.21.2/node_modules/express/lib/application.js:635:24)
    at Object.<anonymous> (/Users/pta/Dev/rust/reveries-passkey/relay-server/src/index.ts:30:5)
    at Module._compile (node:internal/modules/cjs/loader:1562:14)
    at Module.m._compile (/Users/pta/Dev/rust/reveries-passkey/relay-server/node_modules/.pnpm/ts-node@10.9.2_@types+node@20.17.50_typescript@5.8.3/node_modules/ts-node/src/index.ts:1618:23)
    at node:internal/modules/cjs/loader:1699:10
    at Object.require.extensions.<computed> [as .ts] (/Users/pta/Dev/rust/reveries-passkey/relay-server/node_modules/.pnpm/ts-node@10.9.2_@types+node@20.17.50_typescript@5.8.3/node_modules/ts-node/src/index.ts:1621:12)
    at Module.load (node:internal/modules/cjs/loader:1313:32) {
  code: 'EADDRINUSE',
  errno: -48,
  syscall: 'listen',
  address: '::',
  port: 3001
}
[31m[nodemon] app crashed - waiting for file changes before starting...[39m
node:events:502
      throw er; // Unhandled 'error' event
      ^

Error: read EIO
    at TTY.onStreamRead (node:internal/stream_base_commons:216:20)
Emitted 'error' event on ReadStream instance at:
    at emitErrorNT (node:internal/streams/destroy:170:8)
    at emitErrorCloseNT (node:internal/streams/destroy:129:3)
    at process.processTicksAndRejections (node:internal/process/task_queues:90:21) {
  errno: -5,
  code: 'EIO',
  syscall: 'read'
}

Node.js v22.13.0
